outputs/logs/manifest-merger-debug-report.txt
-- Merging decision tree log ---
manifest
ADDED from space\android\AndroidManifest.xml:2:1-29:12
INJECTED from space\android\AndroidManifest.xml:2:1-29:12
INJECTED from space\android\AndroidManifest.xml:2:1-29:12
INJECTED from space\android\AndroidManifest.xml:2:1-29:12
MERGED from [com.badlogicgames.gdx:gdx-backend-android:1.12.1] AndroidManifest.xml:2:1-13:12
	package
		INJECTED from space\android\AndroidManifest.xml
	android:versionName
		INJECTED from space\android\AndroidManifest.xml
	xmlns:tools
		ADDED from space\android\AndroidManifest.xml:3:5-51
	android:versionCode
		INJECTED from space\android\AndroidManifest.xml
	xmlns:android
		ADDED from space\android\AndroidManifest.xml:2:11-69
uses-feature#0x00020000
ADDED from space\android\AndroidManifest.xml:5:5-78
MERGED from [com.badlogicgames.gdx:gdx-backend-android:1.12.1] AndroidManifest.xml:9:5-11:35
MERGED from [com.badlogicgames.gdx:gdx-backend-android:1.12.1] AndroidManifest.xml:9:5-11:35
	android:glEsVersion
		ADDED from space\android\AndroidManifest.xml:5:19-51
	android:required
		ADDED from space\android\AndroidManifest.xml:5:52-75
application
ADDED from space\android\AndroidManifest.xml:7:5-27:19
INJECTED from space\android\AndroidManifest.xml:7:5-27:19
	android:extractNativeLibs
		INJECTED from space\android\AndroidManifest.xml
	android:label
		ADDED from space\android\AndroidManifest.xml:13:9-41
	android:fullBackupContent
		ADDED from space\android\AndroidManifest.xml:9:9-41
	android:appCategory
		ADDED from space\android\AndroidManifest.xml:12:9-35
	tools:ignore
		ADDED from space\android\AndroidManifest.xml:15:9-39
	android:icon
		ADDED from space\android\AndroidManifest.xml:10:9-45
	android:allowBackup
		ADDED from space\android\AndroidManifest.xml:8:9-35
	android:theme
		ADDED from space\android\AndroidManifest.xml:14:9-40
	android:isGame
		ADDED from space\android\AndroidManifest.xml:11:9-30
activity#com.mygdx.game.AndroidLauncher
ADDED from space\android\AndroidManifest.xml:16:9-26:20
	android:screenOrientation
		ADDED from space\android\AndroidManifest.xml:19:13-49
	android:label
		ADDED from space\android\AndroidManifest.xml:18:13-45
	android:exported
		ADDED from space\android\AndroidManifest.xml:21:13-36
	android:configChanges
		ADDED from space\android\AndroidManifest.xml:20:13-107
	android:name
		ADDED from space\android\AndroidManifest.xml:17:13-58
intent-filter#action:name:android.intent.action.MAIN+category:name:android.intent.category.LAUNCHER
ADDED from space\android\AndroidManifest.xml:22:13-25:29
action#android.intent.action.MAIN
ADDED from space\android\AndroidManifest.xml:23:17-69
	android:name
		ADDED from space\android\AndroidManifest.xml:23:25-66
category#android.intent.category.LAUNCHER
ADDED from space\android\AndroidManifest.xml:24:17-77
	android:name
		ADDED from space\android\AndroidManifest.xml:24:27-74
uses-sdk
INJECTED from space\android\AndroidManifest.xml reason: use-sdk injection requested
INJECTED from space\android\AndroidManifest.xml
INJECTED from space\android\AndroidManifest.xml
MERGED from [com.badlogicgames.gdx:gdx-backend-android:1.12.1] AndroidManifest.xml:5:5-7:41
MERGED from [com.badlogicgames.gdx:gdx-backend-android:1.12.1] AndroidManifest.xml:5:5-7:41
	android:targetSdkVersion
		INJECTED from space\android\AndroidManifest.xml
	android:minSdkVersion
		INJECTED from space\android\AndroidManifest.xml